2026-03-05 09:11:43,308 📅 Checking year 2025...
2026-03-05 09:12:00,238    960,000 already saved of 2,814,717 total
2026-03-05 09:16:15,951 ⚠️  Attempt 1 failed: HTTPSConnectionPool(host='data.seattle.gov', port=443): Read timed out. (read timeout=240). Retrying in 2s...
2026-03-05 09:20:18,344 ⚠️  Attempt 2 failed: HTTPSConnectionPool(host='data.seattle.gov', port=443): Read timed out. (read timeout=240). Retrying in 4s...
2026-03-05 09:24:22,659 ⚠️  Attempt 3 failed: HTTPSConnectionPool(host='data.seattle.gov', port=443): Read timed out. (read timeout=240). Retrying in 8s...
2026-03-05 09:29:10,699 ⚠️  Attempt 1 failed: HTTPSConnectionPool(host='data.seattle.gov', port=443): Read timed out. (read timeout=240). Retrying in 2s...
2026-03-05 09:33:41,625 ⚠️  Attempt 1 failed: HTTPSConnectionPool(host='data.seattle.gov', port=443): Read timed out. (read timeout=240). Retrying in 2s...
2026-03-05 09:37:43,954 ⚠️  Attempt 2 failed: HTTPSConnectionPool(host='data.seattle.gov', port=443): Read timed out. (read timeout=240). Retrying in 4s...
2026-03-05 09:41:48,293 ⚠️  Attempt 3 failed: HTTPSConnectionPool(host='data.seattle.gov', port=443): Read timed out. (read timeout=240). Retrying in 8s...
2026-03-05 09:49:33,025 ⚠️  Attempt 1 failed: HTTPSConnectionPool(host='data.seattle.gov', port=443): Read timed out. (read timeout=240). Retrying in 2s...
2026-03-05 09:54:54,784 ⚠️  Attempt 1 failed: HTTPSConnectionPool(host='data.seattle.gov', port=443): Read timed out. (read timeout=240). Retrying in 2s...
2026-03-05 09:59:39,500 ⚠️  Attempt 1 failed: HTTPSConnectionPool(host='data.seattle.gov', port=443): Read timed out. (read timeout=240). Retrying in 2s...
2026-03-05 10:03:49,709 ⚠️  Attempt 1 failed: HTTPSConnectionPool(host='data.seattle.gov', port=443): Read timed out. (read timeout=240). Retrying in 2s...
2026-03-05 10:08:17,085 ⚠️  Attempt 1 failed: HTTPSConnectionPool(host='data.seattle.gov', port=443): Read timed out. (read timeout=240). Retrying in 2s...
2026-03-05 10:12:19,407 ⚠️  Attempt 2 failed: HTTPSConnectionPool(host='data.seattle.gov', port=443): Read timed out. (read timeout=240). Retrying in 4s...
2026-03-05 10:16:23,769 ⚠️  Attempt 3 failed: HTTPSConnectionPool(host='data.seattle.gov', port=443): Read timed out. (read timeout=240). Retrying in 8s...
2026-03-05 10:22:02,305 ⚠️  Attempt 1 failed: HTTPSConnectionPool(host='data.seattle.gov', port=443): Read timed out. (read timeout=240). Retrying in 2s...
2026-03-05 10:27:33,687 ⚠️  Attempt 1 failed: HTTPSConnectionPool(host='data.seattle.gov', port=443): Read timed out. (read timeout=240). Retrying in 2s...
2026-03-05 10:33:13,109 ⚠️  Attempt 1 failed: HTTPSConnectionPool(host='data.seattle.gov', port=443): Read timed out. (read timeout=240). Retrying in 2s...
2026-03-05 10:37:24,504 ⚠️  Attempt 1 failed: HTTPSConnectionPool(host='data.seattle.gov', port=443): Read timed out. (read timeout=240). Retrying in 2s...
2026-03-05 10:41:35,787 ⚠️  Attempt 1 failed: HTTPSConnectionPool(host='data.seattle.gov', port=443): Read timed out. (read timeout=240). Retrying in 2s...
2026-03-05 10:46:16,144 ⚠️  Attempt 1 failed: HTTPSConnectionPool(host='data.seattle.gov', port=443): Read timed out. (read timeout=240). Retrying in 2s...
2026-03-05 10:50:18,466 ⚠️  Attempt 2 failed: HTTPSConnectionPool(host='data.seattle.gov', port=443): Read timed out. (read timeout=240). Retrying in 4s...
2026-03-05 10:55:17,242 ⚠️  Attempt 1 failed: HTTPSConnectionPool(host='data.seattle.gov', port=443): Read timed out. (read timeout=240). Retrying in 2s...
2026-03-05 11:00:13,920 ⚠️  Attempt 1 failed: HTTPSConnectionPool(host='data.seattle.gov', port=443): Read timed out. (read timeout=240). Retrying in 2s...
2026-03-05 11:04:16,370 ⚠️  Attempt 2 failed: HTTPSConnectionPool(host='data.seattle.gov', port=443): Read timed out. (read timeout=240). Retrying in 4s...
2026-03-05 11:09:12,425 ⚠️  Attempt 1 failed: HTTPSConnectionPool(host='data.seattle.gov', port=443): Read timed out. (read timeout=240). Retrying in 2s...
2026-03-05 11:14:42,809 ⚠️  Attempt 1 failed: HTTPSConnectionPool(host='data.seattle.gov', port=443): Read timed out. (read timeout=240). Retrying in 2s...
2026-03-05 11:19:16,835 ⚠️  Attempt 1 failed: HTTPSConnectionPool(host='data.seattle.gov', port=443): Read timed out. (read timeout=240). Retrying in 2s...
2026-03-05 11:24:04,401 ⚠️  Attempt 1 failed: HTTPSConnectionPool(host='data.seattle.gov', port=443): Read timed out. (read timeout=240). Retrying in 2s...
2026-03-05 11:28:06,905 ⚠️  Attempt 2 failed: HTTPSConnectionPool(host='data.seattle.gov', port=443): Read timed out. (read timeout=240). Retrying in 4s...
2026-03-05 11:33:34,912 ⚠️  Attempt 1 failed: HTTPSConnectionPool(host='data.seattle.gov', port=443): Read timed out. (read timeout=240). Retrying in 2s...
2026-03-05 11:37:37,228 ⚠️  Attempt 2 failed: HTTPSConnectionPool(host='data.seattle.gov', port=443): Read timed out. (read timeout=240). Retrying in 4s...
2026-03-05 11:42:30,138 ⚠️  Attempt 1 failed: HTTPSConnectionPool(host='data.seattle.gov', port=443): Read timed out. (read timeout=240). Retrying in 2s...
2026-03-05 11:46:32,491 ⚠️  Attempt 2 failed: HTTPSConnectionPool(host='data.seattle.gov', port=443): Read timed out. (read timeout=240). Retrying in 4s...
2026-03-05 11:50:36,866 ⚠️  Attempt 3 failed: HTTPSConnectionPool(host='data.seattle.gov', port=443): Read timed out. (read timeout=240). Retrying in 8s...
2026-03-05 11:54:45,166 ⚠️  Attempt 4 failed: HTTPSConnectionPool(host='data.seattle.gov', port=443): Read timed out. (read timeout=240). Retrying in 16s...
2026-03-05 11:59:01,522 ⚠️  Attempt 5 failed: HTTPSConnectionPool(host='data.seattle.gov', port=443): Read timed out. (read timeout=240). Retrying in 32s...
2026-03-05 12:04:21,218 ⚠️  Attempt 1 failed: HTTPSConnectionPool(host='data.seattle.gov', port=443): Read timed out. (read timeout=240). Retrying in 2s...
2026-03-05 12:08:23,521 ⚠️  Attempt 2 failed: HTTPSConnectionPool(host='data.seattle.gov', port=443): Read timed out. (read timeout=240). Retrying in 4s...
2026-03-05 12:12:27,844 ⚠️  Attempt 3 failed: HTTPSConnectionPool(host='data.seattle.gov', port=443): Read timed out. (read timeout=240). Retrying in 8s...
2026-03-05 12:16:56,287 ⚠️  Attempt 1 failed: HTTPSConnectionPool(host='data.seattle.gov', port=443): Read timed out. (read timeout=240). Retrying in 2s...
2026-03-05 12:21:50,956 ⚠️  Attempt 1 failed: HTTPSConnectionPool(host='data.seattle.gov', port=443): Read timed out. (read timeout=240). Retrying in 2s...
2026-03-05 12:26:48,709 ⚠️  Attempt 1 failed: HTTPSConnectionPool(host='data.seattle.gov', port=443): Read timed out. (read timeout=240). Retrying in 2s...
2026-03-05 12:30:51,041 ⚠️  Attempt 2 failed: HTTPSConnectionPool(host='data.seattle.gov', port=443): Read timed out. (read timeout=240). Retrying in 4s...
2026-03-05 12:35:42,949 ⚠️  Attempt 1 failed: HTTPSConnectionPool(host='data.seattle.gov', port=443): Read timed out. (read timeout=240). Retrying in 2s...
2026-03-05 12:40:23,799 ⚠️  Attempt 1 failed: HTTPSConnectionPool(host='data.seattle.gov', port=443): Read timed out. (read timeout=240). Retrying in 2s...
2026-03-05 12:45:10,204 ⚠️  Attempt 1 failed: HTTPSConnectionPool(host='data.seattle.gov', port=443): Read timed out. (read timeout=240). Retrying in 2s...
2026-03-05 12:49:58,586 ⚠️  Attempt 1 failed: HTTPSConnectionPool(host='data.seattle.gov', port=443): Read timed out. (read timeout=240). Retrying in 2s...
2026-03-05 12:54:00,981 ⚠️  Attempt 2 failed: HTTPSConnectionPool(host='data.seattle.gov', port=443): Read timed out. (read timeout=240). Retrying in 4s...
2026-03-05 12:58:56,932 ⚠️  Attempt 1 failed: HTTPSConnectionPool(host='data.seattle.gov', port=443): Read timed out. (read timeout=240). Retrying in 2s...
2026-03-05 13:03:08,049 ⚠️  Attempt 1 failed: HTTPSConnectionPool(host='data.seattle.gov', port=443): Read timed out. (read timeout=240). Retrying in 2s...
2026-03-05 13:07:10,377 ⚠️  Attempt 2 failed: HTTPSConnectionPool(host='data.seattle.gov', port=443): Read timed out. (read timeout=240). Retrying in 4s...
2026-03-05 13:12:32,508 ⚠️  Attempt 1 failed: HTTPSConnectionPool(host='data.seattle.gov', port=443): Read timed out. (read timeout=240). Retrying in 2s...
2026-03-05 13:16:34,832 ⚠️  Attempt 2 failed: HTTPSConnectionPool(host='data.seattle.gov', port=443): Read timed out. (read timeout=240). Retrying in 4s...
2026-03-05 13:21:44,077 ⚠️  Attempt 1 failed: HTTPSConnectionPool(host='data.seattle.gov', port=443): Read timed out. (read timeout=240). Retrying in 2s...
2026-03-05 13:25:46,398 ⚠️  Attempt 2 failed: HTTPSConnectionPool(host='data.seattle.gov', port=443): Read timed out. (read timeout=240). Retrying in 4s...
2026-03-05 13:46:16,315 ✅ Year 2025 complete: 2,814,717 rows
2026-03-05 13:46:16,316 🎉 All years complete!
